la vache-=-vacă
le cochon-=-porc
le mouton-=-oaie
la chèvre-=-capră
le cheval-=-cal
la souris-=-şoarece
le poulet-=-găină, pui
le canard-=-raţă
l'oie-=-gâscă
le chat-=-pisică
le chien-=-căţel
le hamster-=-hamster
l'ours-=-urs
le porc-épic-=-porc spinos
le loup-=-lup
l'éléphant-=-elefant
la girafe-=-girafă
le léopard-=-leopard
le lion-=-leu
le panda-=-urs panda
le panthère-=-panteră
le tigre-=-tigru
le zèbre-=-zebră
l'antilope-=-antilopă
le castor-=-castor
le cerf-=-căprioară, cerb
le renard-=-vulpe
la loutre-=-vidră
le lapin-=-iepure
le raton-laveur-=-raton
l'écureuil-=-veveriţă
le singe-=-maimuţă
le buffle-=-bivol
le chameau-=-cămilă
le guépard-=-ghepard
la gorille-=-gorilă
le kangourou-=-cangur
le rhinocéros-=-rinocer
le poisson-=-peşte
le dauphin-=-delfin
le requin-=-rechin
la baleine-=-balenă
le crocodile-=-crocodil
la grenouille-=-broască
le lézard-=-şopârlă
le serpent-=-şarpe
la tortue-=-broască ţestoasă
la fourmi-=-furnică
l'abeille-=-albină
le papillon-=-fluture
le cafard-=-gândac
l'escargot-=-melc
l'araignée-=-păianjen
