la famille-=-familie
les parents-=-părinţi
le mari-=-soţ
la femme-=-soţie
la mère-=-mamă
la belle-mère-=-mamă vitregă
le père-=-tată
le beau-père-=-tată vitreg
l'enfant-=-copil
le bébé-=-bebeluş
le frère-=-frate
la sœur-=-soră
le fils-=-băiatul
la fille-=-fiică
les grand-parents-=-bunici
le grand-père-=-bunic
la grand-mère-=-bunică
l'oncle-=-unchi
la tante-=-mătuşă
les petits-enfants-=-nepoţi
le neveu-=-nepot
la nièce-=-nepoată
le cousin-=-verişor
la cousine-=-verişoară
la belle-sœur-=-cumnată
le beau-frère-=-cumnat
la belle-mère-=-soacră
le beau-père-=-socru
la belle-fille-=-noră
le beau-fils-=-ginere
le petit-ami-=-iubit, prieten
la petite-amie-=-iubită, prietenă
le relations-=-relaţie
