le corps-=-corp
le corps humain-=-corpul omenesc
la tête-=-cap
les cheveux-=-păr
le visage-=-faţă
une oreille-=-ureche
les oreilles-=-urechile
le front-=-frunte
les yeux-=-ochii
un œil-=-un ochi
le nez-=-nas
la joue-=-obraz
les joues-=-obraji
la bouche-=-gură
la lèvre-=-buză
les lèvres-=-buze
la dent-=-dinte
les dents-=-dinţi
la langue-=-limbă
le menton-=-bărbie
le cou-=-gât
la nuque-=-ceafă
la gorge-=-interiorul gâtului
le dos-=-spatele
les épaules-=-umeri
une épaule-=-un umăr
la poitrine-=-piept
les seins-=-sâni
le mamelon-=-sfârc
l'abdomen-=-abdomen
le nombril-=-buric
un estomac-=-stomac
la hanche-=-şold
les bras-=-braţe
le bras-=-braţ
aisselle-=-subraţ
les coudes-=-coate
le coude-=-cot
le poignet-=-încheietura mâinii
les mains-=-mâini
les doigts-=-degete
le pouce-=-degetul mare
l'index-=-arătătorul
le majeur-=-degetul mijlociu
l'annulaire-=-inelarul
le petit doigt-=-degetul mic
les ongles-=-unghii
les fesses-=-fese
la jambe-=-picior
les jambes-=-picioare
les cuisses-=-coapse
le genou-=-genunchi
les genoux-=-genunchii
la cheville-=-gleznă
les chevilles-=-glezne
les talons-=-călcâie
le talon-=-călcâi
le pied-=-talpă
les pieds-=-tălpi
les orteils-=-degetele de la picioare
