zéro-=-0
un-=-1
deux-=-2
trois-=-3
quatre-=-4
cinq-=-5
six-=-6
sept-=-7
huit-=-8
neuf-=-9
dix-=-10
onze-=-11
douze-=-12
treize-=-13
quatorze-=-14
quinze-=-15
seize-=-16
dix-sept-=-17
dix-huit-=-18
dix-neuf-=-19
vingt-=-20
vingt et un-=-21
vingt-deux-=-22
vingt-trois-=-23
vingt-quatre-=-24
vingt-cinq-=-25
vingt-six-=-26
vingt-sept-=-27
vingt-huit-=-28
vingt-neuf-=-29
trente-=-30
trente et un-=-31
trente-deux-=-32
quarante-=-40
quarante et un-=-41
quarante-deux-=-42
cinquante-=-50
cinquante et un-=-51
cinquante-deux-=-52
soixante-=-60
soixante et un-=-61
soixante-deux-=-62
soixante-dix-=-70 (60 + 10)
soixante et onze-=-71 (60 + 11)
soixante-douze-=-72 (60 + 12)
soixante-dix-neuf-=-79 (60 + 19)
quatre-vingt-=-80 (4 * 20)
quatre-vingt-un-=-81 (4 * 20 + 1)
quatre-vingt-deux-=-82 (4 * 20 + 2)
quatre-vingt-neuf-=-89 (4 * 20 + 9)
quatre-vingt-dix-=-90 (4 * 20 + 10)
quatre-vingt-onze-=-91 (4 * 20 + 11)
quatre-vingt-douze-=-92
quatre-vingt-dix-neuf-=-99 (4 * 20 + 19)
cent-=-100
cent un-=-101
cent vingt-cinq-=-125
cent quatre-vingt-deux-=-182
deux cents-=-200
deux cent six-=-206
deux cent sept-=-207
deux cent soixante-sept-=-267
trois cents-=-300
trois cent  quatre-vingt-dix-neuf-=-399
quatre cents-=-400
quatre cent seize-=-416
cinq cents-=-500
cinq cent quarante-cinq-=-545
six cents-=-600
six cent huit-=-608
sept cents-=-700
sept cent trente-trois-=-733
huit cents-=-800
huit cent vingt et un-=-821
neuf cents-=-900
neuf cent quatre-vingt-dix-huit-=-998
mille-=-1000
deux mille-=-2000
deux mille cinq cents-=-2500
deux mille cinq cent un-=-2501
trois mille-=-3000
trois mille deux cent trente et un-=-3231
neuf mille neuf cent quatre-vingt-dix-huit-=-9998
dix mille-=-10000
dix mille cinq cent soixante-dix-huit-=-10578
treize mille quarante-cinq-=-13045
cent mille-=-100000
un million-=-1000000
deux millions-=-2000000
deux million huit cent mille cent sept-=-2800107
un milliard-=-un miliard
deux milliards-=-două miliarde
