la nourriture-=-alimente, mâncare
le fromage-=-brânză (caşcaval)
la saucisse-=-cârnaţ
le bifteck-=-friptură
le jaune d'oeuf-=-gălbenuş de ou
le yaourt-=-iaurt
le riz-=-orez
l'oeuf-=-ou
le poisson-=-pește
le pain-=-pâine
la salami-=-salam
la salade-=-salată
le jambon-=-şuncă
le beurre-=-unt
le poivre-=-piper 
le sel-=-sare
le sucre-=-zaăar
le sauce-=-sos
l'huile-=-ulei
le vinaigre-=-oţet
la viande-=-carne
de la dinde-=-carne de curcan
de la poule-=-carne de găina
du lapin-=-carne de iepure
de l'agneau-=-carne de miel
du porc-=-carne de porc
du poulet-=-carne de pui
du canard-=-carne de raţă
du chevreuil-=-carne de cerb
du boeuf-=-carne de vită
du veau-=-carne de viţel
des cuisses de grenouille-=-picioare de broască
du hareng-=-hering
du maquereau-=-macrou
de la truite-=-păstrăv
des sardines-=-sardine
du saumon-=-somon
du thon-=-ton
le dessert-=-desert
le biscuit-=-biscuite
les bonbons-=-bomboane
le chocolat-=-ciocolată
la glace-=-îngheţată, gheaţă
la tarte-=-plăcintă
le gâteau-=-tort
la vanille-=-vanilie
les boissons-=-băuturi
l'eau-=-apă
eau plate-=-apă plată
eau minérale / pétillante-=-apă minerală / carbogazoasă
la bière-=-bere
le café-=-cafea
café au lait-=-cafea cu lapte
le thé-=-ceai
chocolat chaud-=-ciocolată caldă
Coca-=-cola
le lait-=-lapte
la citronnade-=-limonadă
le jus-=-suc
le vin-=-vin
les légumes-=-legume
le poivron-=-ardei gras
la pomme de terre-=-cartof
le concombre-=-castravete
un oignon-=-ceapă
le champignon-=-ciupercă
 le chou-fleur-=-conopidă
une courgette-=-dovlecel
la citrouille-=-dovleac, bostan
les petits pois-=-mazăre
 la carotte-=-morcov
le maïs-=-porumb
le poireau-=-praz
le radis-=-ridiche
la tomate-=-roşie
les épinards-=-spanac
le céleri-=-ţelină
l’ail-=-usturoi
le chou-=-varză
 l'aubergine-=-vânătă
le fruit-=-fruct
l'ananas-=-ananas
la banane-=-banană
l'abricot-=-caisă
la fraise-=-căpşună
la cerise-=-cireaşă
la myrtille-=-coacăze
la pamplemousse-=-grefă
le citron-=-lămâie
le citron vert-=-lămâie verde
la pomme-=-măr
la mûre-=-mure
 le noix de coco-=-nucă de cocos
la poire-=-pară
le melon-=-pepene galben
la pastèque-=-pepene verde
la pêche-=-piersică
l'orange-=-portocală
la prune-=-prune
le raisin sec-=-stafide
le raisin-=-strugure
la framboise-=-zmeură
