les jours de la semaine-=-zilele săptămânii
jour de travail-=-zi lucrătoare
lundi-=-luni
mardi-=-marţi
mercredi-=-miercuri
jeudi-=-joi
vendredi-=-vineri
samedi-=-sâmbătă
dimanche-=-duminică
fin de semaine-=-sfârşit de săptămână, weekend
un jour-=-o zi
une semaine-=-o săptămână
hier-=-ieri
aujourd'hui-=-azi
demain-=-mâine
cette semaine-=-săptămâna aceasta
la semaine prochaine-=-săptămâna viitoare
la semaine dernière-=-săptămâna trecută
l'aube-=-zori de zi
le lever de soleil-=-răsărit
le matin-=-dimineaţă
midi-=-amiază, prânz, miezul zilei
le soir-=-seară
le coucher de soleil-=-apus de soare
la nuit-=-noapte
minuit-=-miezul nopţii
les mois de l’année-=-lunile anului
janvier-=-ianuarie
février-=-februarie
mars-=-martie
avril-=-aprilie
mai-=-mai
juin-=-iunie
juille-=-iulie
août-=-august
septembre-=-septembrie
octobre-=-octombrie
novembre-=-noiembrie
décembre-=-decembrie
un mois-=-o lună
le mois prochain-=-luna viitoare
les saisons-=-anotimpurile
printemps-=-primăvara
été-=-vara
automne-=-toamna
hiver-=-iarna
Quelle heure est-il?-=-Cât este ceasul?
Il est une heur.-=-Este ora unu.
maintenant-=-acum
plus tard-=-mai târziu
avant-=-înainte
il y à peu de temps-=-cu puţin timp în urmă
tout de suite-=-imediat
à l'heure-=-la timp
en avance-=-mai devreme
en retard-=-mai târziu
minute-=-minut
heure-=-oră
quotidien-=-zilnic
tous les jours-=-în fiecare zi
mensuel-=-lunar
annuel-=-anual
